2021-07-15 18:52:18.017  INFO 65966 --- [main] o.s.b.t.m.w.SpringBootMockServletContext : Initializing Spring TestDispatcherServlet ''
2021-07-15 18:52:18.020  INFO 65966 --- [main] o.s.t.web.servlet.TestDispatcherServlet  : Initializing Servlet ''
2021-07-15 18:52:18.025  INFO 65966 --- [main] o.s.t.web.servlet.TestDispatcherServlet  : Completed initialization in 4 ms
2021-07-15 18:52:18.030  INFO 65966 --- [main] c.f.w.c.AssociationsController           : ********** Save associations ASD RUNNERS
2021-07-15 18:52:18.031  INFO 65966 --- [main] c.f.w.c.AssociationsController           : ********** Check duplicate by FIDAL id 
2021-07-15 18:52:18.077  WARN 65966 --- [main] c.f.w.c.AssociationsController           : Associazione con FIDAL ID BA000 presente
2021-07-15 18:52:18.121  INFO 65966 --- [main] o.s.b.t.m.w.SpringBootMockServletContext : Initializing Spring TestDispatcherServlet ''
2021-07-15 18:52:18.128  INFO 65966 --- [main] o.s.t.web.servlet.TestDispatcherServlet  : Initializing Servlet ''
2021-07-15 18:52:18.133  INFO 65966 --- [main] o.s.t.web.servlet.TestDispatcherServlet  : Completed initialization in 4 ms
2021-07-15 18:52:18.165  INFO 65966 --- [main] c.f.w.c.AssociationsController           : ********** Save associations null
2021-07-15 18:52:18.169  WARN 65966 --- [main] c.f.w.c.AssociationsController           : Il nome NON deve essere NULL
2021-07-15 18:52:18.221  INFO 65966 --- [main] o.s.b.t.m.w.SpringBootMockServletContext : Initializing Spring TestDispatcherServlet ''
2021-07-15 18:52:18.221  INFO 65966 --- [main] o.s.t.web.servlet.TestDispatcherServlet  : Initializing Servlet ''
2021-07-15 18:52:18.227  INFO 65966 --- [main] o.s.t.web.servlet.TestDispatcherServlet  : Completed initialization in 2 ms
2021-07-15 18:52:18.233  INFO 65966 --- [main] c.f.w.c.AssociationsController           : ********** Save associations ASD HAPPY RUNNERS ALTAMURAASD HAPPY RUNNERS ALTAMURAASD
2021-07-15 18:52:18.235  WARN 65966 --- [main] c.f.w.c.AssociationsController           : Il nome deve avere massimo 40 caratteri
2021-07-15 18:52:18.283  INFO 65966 --- [main] o.s.b.t.m.w.SpringBootMockServletContext : Initializing Spring TestDispatcherServlet ''
2021-07-15 18:52:18.283  INFO 65966 --- [main] o.s.t.web.servlet.TestDispatcherServlet  : Initializing Servlet ''
2021-07-15 18:52:18.286  INFO 65966 --- [main] o.s.t.web.servlet.TestDispatcherServlet  : Completed initialization in 3 ms
2021-07-15 18:52:18.289  INFO 65966 --- [main] c.f.w.c.AssociationsController           : ********** Get all associations
2021-07-15 18:52:18.327  INFO 65966 --- [main] c.f.w.c.AssociationsController           : ********** Associations found:1
2021-07-15 18:52:18.363  INFO 65966 --- [main] o.s.b.t.m.w.SpringBootMockServletContext : Initializing Spring TestDispatcherServlet ''
2021-07-15 18:52:18.363  INFO 65966 --- [main] o.s.t.web.servlet.TestDispatcherServlet  : Initializing Servlet ''
2021-07-15 18:52:18.365  INFO 65966 --- [main] o.s.t.web.servlet.TestDispatcherServlet  : Completed initialization in 2 ms
2021-07-15 18:52:18.405  INFO 65966 --- [main] c.f.w.c.AssociationsController           : ********** Get associations with id: 129
2021-07-15 18:52:18.502  INFO 65966 --- [main] o.s.b.t.m.w.SpringBootMockServletContext : Initializing Spring TestDispatcherServlet ''
2021-07-15 18:52:18.502  INFO 65966 --- [main] o.s.t.web.servlet.TestDispatcherServlet  : Initializing Servlet ''
2021-07-15 18:52:18.506  INFO 65966 --- [main] o.s.t.web.servlet.TestDispatcherServlet  : Completed initialization in 2 ms
2021-07-15 18:52:18.509  INFO 65966 --- [main] c.f.w.c.AssociationsController           : ********** Get associations with id: 0
2021-07-15 18:52:18.545  INFO 65966 --- [main] o.s.b.t.m.w.SpringBootMockServletContext : Initializing Spring TestDispatcherServlet ''
2021-07-15 18:52:18.545  INFO 65966 --- [main] o.s.t.web.servlet.TestDispatcherServlet  : Initializing Servlet ''
2021-07-15 18:52:18.549  INFO 65966 --- [main] o.s.t.web.servlet.TestDispatcherServlet  : Completed initialization in 4 ms
2021-07-15 18:52:18.559  INFO 65966 --- [main] c.f.w.c.AssociationsController           : ********** Get associations with FIDAL id: BA000
2021-07-15 18:52:18.568  INFO 65966 --- [main] o.s.b.t.m.w.SpringBootMockServletContext : Initializing Spring TestDispatcherServlet ''
2021-07-15 18:52:18.568  INFO 65966 --- [main] o.s.t.web.servlet.TestDispatcherServlet  : Initializing Servlet ''
2021-07-15 18:52:18.572  INFO 65966 --- [main] o.s.t.web.servlet.TestDispatcherServlet  : Completed initialization in 3 ms
2021-07-15 18:52:18.652  INFO 65966 --- [main] c.f.w.c.AssociationsController           : ********** Modify associations ASD RUNNERS 2
2021-07-15 18:52:18.786  INFO 65966 --- [main] o.s.b.t.m.w.SpringBootMockServletContext : Initializing Spring TestDispatcherServlet ''
2021-07-15 18:52:18.788  INFO 65966 --- [main] o.s.t.web.servlet.TestDispatcherServlet  : Initializing Servlet ''
2021-07-15 18:52:18.792  INFO 65966 --- [main] o.s.t.web.servlet.TestDispatcherServlet  : Completed initialization in 4 ms
2021-07-15 18:52:18.829  INFO 65966 --- [main] c.f.w.c.AssociationsController           : ********** Modify associations ASD RUNNERS 2
2021-07-15 18:52:18.881  WARN 65966 --- [main] c.f.w.c.AssociationsController           : Associazione con FIDAL ID BAAAA presente
2021-07-15 18:52:18.901  INFO 65966 --- [main] o.s.b.t.m.w.SpringBootMockServletContext : Initializing Spring TestDispatcherServlet ''
2021-07-15 18:52:18.901  INFO 65966 --- [main] o.s.t.web.servlet.TestDispatcherServlet  : Initializing Servlet ''
2021-07-15 18:52:18.904  INFO 65966 --- [main] o.s.t.web.servlet.TestDispatcherServlet  : Completed initialization in 3 ms
2021-07-15 18:52:18.916  INFO 65966 --- [main] c.f.w.c.AssociationsController           : ********** Modify associations ASD RUNNERS 2ASD RUNNERS 2ASD RUNNERS 2ASD RUNNERS 2ASD RUNNERS 2
2021-07-15 18:52:18.916  WARN 65966 --- [main] c.f.w.c.AssociationsController           : Il nome deve avere massimo 40 caratteri
2021-07-15 18:52:18.927  INFO 65966 --- [main] o.s.b.t.m.w.SpringBootMockServletContext : Initializing Spring TestDispatcherServlet ''
2021-07-15 18:52:18.928  INFO 65966 --- [main] o.s.t.web.servlet.TestDispatcherServlet  : Initializing Servlet ''
2021-07-15 18:52:18.930  INFO 65966 --- [main] o.s.t.web.servlet.TestDispatcherServlet  : Completed initialization in 2 ms
2021-07-15 18:52:18.933  INFO 65966 --- [main] c.f.w.c.AssociationsController           : ********** Modify associations ASD RUNNERS
2021-07-15 18:52:18.964  WARN 65966 --- [main] c.f.w.c.AssociationsController           : Nessuna associazione presente con id 9999999
2021-07-15 18:52:18.985  INFO 65966 --- [main] o.s.b.t.m.w.SpringBootMockServletContext : Initializing Spring TestDispatcherServlet ''
2021-07-15 18:52:18.985  INFO 65966 --- [main] o.s.t.web.servlet.TestDispatcherServlet  : Initializing Servlet ''
2021-07-15 18:52:18.988  INFO 65966 --- [main] o.s.t.web.servlet.TestDispatcherServlet  : Completed initialization in 3 ms
