2021-08-14 17:00:13.154  INFO 73732 --- [main] c.f.w.R.AssociationRepositoryTests       : Starting AssociationRepositoryTests using Java 11.0.11 on MBP-di-Paolo.homenet.telecomitalia.it with PID 73732 (started by paoloacqua in /Users/paoloacqua/Documents/workspace/tarahumara/associations-web-service)
2021-08-14 17:00:13.173  INFO 73732 --- [main] c.f.w.R.AssociationRepositoryTests       : No active profile set, falling back to default profiles: default
2021-08-14 17:00:15.431  INFO 73732 --- [main] .s.d.r.c.RepositoryConfigurationDelegate : Bootstrapping Spring Data JPA repositories in DEFAULT mode.
2021-08-14 17:00:15.522  INFO 73732 --- [main] .s.d.r.c.RepositoryConfigurationDelegate : Finished Spring Data repository scanning in 73 ms. Found 1 JPA repository interfaces.
2021-08-14 17:00:16.617  INFO 73732 --- [main] com.zaxxer.hikari.HikariDataSource       : HikariPool-1 - Starting...
2021-08-14 17:00:16.939  INFO 73732 --- [main] com.zaxxer.hikari.HikariDataSource       : HikariPool-1 - Start completed.
2021-08-14 17:00:17.072  INFO 73732 --- [main] o.hibernate.jpa.internal.util.LogHelper  : HHH000204: Processing PersistenceUnitInfo [name: default]
2021-08-14 17:00:17.253  INFO 73732 --- [main] org.hibernate.Version                    : HHH000412: Hibernate ORM core version 5.4.32.Final
2021-08-14 17:00:17.491  INFO 73732 --- [main] o.hibernate.annotations.common.Version   : HCANN000001: Hibernate Commons Annotations {5.1.2.Final}
2021-08-14 17:00:17.699  INFO 73732 --- [main] org.hibernate.dialect.Dialect            : HHH000400: Using dialect: org.hibernate.dialect.MySQL8Dialect
2021-08-14 17:00:18.749  INFO 73732 --- [main] o.h.e.t.j.p.i.JtaPlatformInitiator       : HHH000490: Using JtaPlatform implementation: [org.hibernate.engine.transaction.jta.platform.internal.NoJtaPlatform]
2021-08-14 17:00:18.774  INFO 73732 --- [main] j.LocalContainerEntityManagerFactoryBean : Initialized JPA EntityManagerFactory for persistence unit 'default'
2021-08-14 17:00:20.497  WARN 73732 --- [main] JpaBaseConfiguration$JpaWebConfiguration : spring.jpa.open-in-view is enabled by default. Therefore, database queries may be performed during view rendering. Explicitly configure spring.jpa.open-in-view to disable this warning
2021-08-14 17:00:21.022  INFO 73732 --- [main] o.s.b.a.e.web.EndpointLinksResolver      : Exposing 3 endpoint(s) beneath base path '/actuator'
2021-08-14 17:00:21.370  INFO 73732 --- [main] pertySourcedRequestMappingHandlerMapping : Mapped URL path [/v2/api-docs] onto method [springfox.documentation.swagger2.web.Swagger2Controller#getDocumentation(String, HttpServletRequest)]
2021-08-14 17:00:22.359  INFO 73732 --- [main] d.s.w.p.DocumentationPluginsBootstrapper : Context refreshed
2021-08-14 17:00:22.394  INFO 73732 --- [main] d.s.w.p.DocumentationPluginsBootstrapper : Found 1 custom documentation plugin(s)
2021-08-14 17:00:22.430  INFO 73732 --- [main] s.d.s.w.s.ApiListingReferenceScanner     : Scanning for api listing references
2021-08-14 17:00:22.701  INFO 73732 --- [main] .d.s.w.r.o.CachingOperationNameGenerator : Generating unique operation named: handleUsingGET_1
2021-08-14 17:00:22.705  INFO 73732 --- [main] .d.s.w.r.o.CachingOperationNameGenerator : Generating unique operation named: handleUsingGET_2
2021-08-14 17:00:22.761  INFO 73732 --- [main] c.f.w.R.AssociationRepositoryTests       : Started AssociationRepositoryTests in 10.189 seconds (JVM running for 11.647)
2021-08-14 17:00:24.239  INFO 73732 --- [main] o.s.t.c.support.AbstractContextLoader    : Could not detect default resource locations for test class [com.faraday.webapp.ControllerTest.AssociationsControllerTests]: no resource found for suffixes {-context.xml, Context.groovy}.
2021-08-14 17:00:24.256  INFO 73732 --- [main] .b.t.c.SpringBootTestContextBootstrapper : Loaded default TestExecutionListener class names from location [META-INF/spring.factories]: [org.springframework.boot.test.mock.mockito.MockitoTestExecutionListener, org.springframework.boot.test.mock.mockito.ResetMocksTestExecutionListener, org.springframework.boot.test.autoconfigure.restdocs.RestDocsTestExecutionListener, org.springframework.boot.test.autoconfigure.web.client.MockRestServiceServerResetTestExecutionListener, org.springframework.boot.test.autoconfigure.web.servlet.MockMvcPrintOnlyOnFailureTestExecutionListener, org.springframework.boot.test.autoconfigure.web.servlet.WebDriverTestExecutionListener, org.springframework.boot.test.autoconfigure.webservices.client.MockWebServiceServerTestExecutionListener, org.springframework.test.context.web.ServletTestExecutionListener, org.springframework.test.context.support.DirtiesContextBeforeModesTestExecutionListener, org.springframework.test.context.event.ApplicationEventsTestExecutionListener, org.springframework.test.context.support.DependencyInjectionTestExecutionListener, org.springframework.test.context.support.DirtiesContextTestExecutionListener, org.springframework.test.context.transaction.TransactionalTestExecutionListener, org.springframework.test.context.jdbc.SqlScriptsTestExecutionListener, org.springframework.test.context.event.EventPublishingTestExecutionListener]
2021-08-14 17:00:24.262  INFO 73732 --- [main] .b.t.c.SpringBootTestContextBootstrapper : Using TestExecutionListeners: [org.springframework.test.context.web.ServletTestExecutionListener@64934acd, org.springframework.test.context.support.DirtiesContextBeforeModesTestExecutionListener@480b785a, org.springframework.test.context.event.ApplicationEventsTestExecutionListener@35427786, org.springframework.boot.test.mock.mockito.MockitoTestExecutionListener@6554f841, org.springframework.boot.test.autoconfigure.SpringBootDependencyInjectionTestExecutionListener@1bef1304, org.springframework.test.context.support.DirtiesContextTestExecutionListener@835718b, org.springframework.test.context.transaction.TransactionalTestExecutionListener@2e6dc94c, org.springframework.test.context.jdbc.SqlScriptsTestExecutionListener@6c39ba30, org.springframework.test.context.event.EventPublishingTestExecutionListener@f2df380, org.springframework.boot.test.mock.mockito.ResetMocksTestExecutionListener@2c3762c7, org.springframework.boot.test.autoconfigure.restdocs.RestDocsTestExecutionListener@6cd0f9a4, org.springframework.boot.test.autoconfigure.web.client.MockRestServiceServerResetTestExecutionListener@4d992634, org.springframework.boot.test.autoconfigure.web.servlet.MockMvcPrintOnlyOnFailureTestExecutionListener@2d487df4, org.springframework.boot.test.autoconfigure.web.servlet.WebDriverTestExecutionListener@3a7e13c0, org.springframework.boot.test.autoconfigure.webservices.client.MockWebServiceServerTestExecutionListener@5188c0f2]
2021-08-14 17:00:24.293  INFO 73732 --- [main] o.s.b.t.m.w.SpringBootMockServletContext : Initializing Spring TestDispatcherServlet ''
2021-08-14 17:00:24.294  INFO 73732 --- [main] o.s.t.web.servlet.TestDispatcherServlet  : Initializing Servlet ''
2021-08-14 17:00:24.299  INFO 73732 --- [main] o.s.t.web.servlet.TestDispatcherServlet  : Completed initialization in 4 ms
2021-08-14 17:00:24.753  INFO 73732 --- [main] c.f.w.c.AssociationsController           : ********** Save associations ASD RUNNERS
2021-08-14 17:00:24.754  INFO 73732 --- [main] c.f.w.c.AssociationsController           : ********** Check duplicate by FIDAL id 
2021-08-14 17:00:24.929  INFO 73732 --- [main] o.s.b.t.m.w.SpringBootMockServletContext : Initializing Spring TestDispatcherServlet ''
2021-08-14 17:00:24.929  INFO 73732 --- [main] o.s.t.web.servlet.TestDispatcherServlet  : Initializing Servlet ''
2021-08-14 17:00:24.936  INFO 73732 --- [main] o.s.t.web.servlet.TestDispatcherServlet  : Completed initialization in 7 ms
2021-08-14 17:00:24.943  INFO 73732 --- [main] c.f.w.c.AssociationsController           : ********** Save associations ASD RUNNERS
2021-08-14 17:00:24.943  INFO 73732 --- [main] c.f.w.c.AssociationsController           : ********** Check duplicate by FIDAL id 
2021-08-14 17:00:24.976  WARN 73732 --- [main] c.f.w.c.AssociationsController           : Associazione con FIDAL ID BA000 presente
2021-08-14 17:00:25.031  INFO 73732 --- [main] o.s.b.t.m.w.SpringBootMockServletContext : Initializing Spring TestDispatcherServlet ''
2021-08-14 17:00:25.031  INFO 73732 --- [main] o.s.t.web.servlet.TestDispatcherServlet  : Initializing Servlet ''
2021-08-14 17:00:25.037  INFO 73732 --- [main] o.s.t.web.servlet.TestDispatcherServlet  : Completed initialization in 4 ms
2021-08-14 17:00:25.078  INFO 73732 --- [main] c.f.w.c.AssociationsController           : ********** Save associations null
2021-08-14 17:00:25.081  WARN 73732 --- [main] c.f.w.c.AssociationsController           : Il nome NON deve essere NULL
2021-08-14 17:00:25.182  INFO 73732 --- [main] o.s.b.t.m.w.SpringBootMockServletContext : Initializing Spring TestDispatcherServlet ''
2021-08-14 17:00:25.198  INFO 73732 --- [main] o.s.t.web.servlet.TestDispatcherServlet  : Initializing Servlet ''
2021-08-14 17:00:25.224  INFO 73732 --- [main] o.s.t.web.servlet.TestDispatcherServlet  : Completed initialization in 11 ms
2021-08-14 17:00:25.228  INFO 73732 --- [main] c.f.w.c.AssociationsController           : ********** Save associations ASD HAPPY RUNNERS ALTAMURAASD HAPPY RUNNERS ALTAMURAASD
2021-08-14 17:00:25.229  WARN 73732 --- [main] c.f.w.c.AssociationsController           : Il nome deve avere massimo 40 caratteri
2021-08-14 17:00:25.269  INFO 73732 --- [main] o.s.b.t.m.w.SpringBootMockServletContext : Initializing Spring TestDispatcherServlet ''
2021-08-14 17:00:25.270  INFO 73732 --- [main] o.s.t.web.servlet.TestDispatcherServlet  : Initializing Servlet ''
2021-08-14 17:00:25.274  INFO 73732 --- [main] o.s.t.web.servlet.TestDispatcherServlet  : Completed initialization in 2 ms
2021-08-14 17:00:25.277  INFO 73732 --- [main] c.f.w.c.AssociationsController           : ********** Get all associations
2021-08-14 17:00:25.310  INFO 73732 --- [main] c.f.w.c.AssociationsController           : ********** Associations found:2
2021-08-14 17:00:25.365  INFO 73732 --- [main] o.s.b.t.m.w.SpringBootMockServletContext : Initializing Spring TestDispatcherServlet ''
2021-08-14 17:00:25.369  INFO 73732 --- [main] o.s.t.web.servlet.TestDispatcherServlet  : Initializing Servlet ''
2021-08-14 17:00:25.376  INFO 73732 --- [main] o.s.t.web.servlet.TestDispatcherServlet  : Completed initialization in 6 ms
2021-08-14 17:00:25.424  INFO 73732 --- [main] c.f.w.c.AssociationsController           : ********** Get associations with id: 131
2021-08-14 17:00:25.595  INFO 73732 --- [main] o.s.b.t.m.w.SpringBootMockServletContext : Initializing Spring TestDispatcherServlet ''
2021-08-14 17:00:25.596  INFO 73732 --- [main] o.s.t.web.servlet.TestDispatcherServlet  : Initializing Servlet ''
2021-08-14 17:00:25.599  INFO 73732 --- [main] o.s.t.web.servlet.TestDispatcherServlet  : Completed initialization in 2 ms
2021-08-14 17:00:25.607  INFO 73732 --- [main] c.f.w.c.AssociationsController           : ********** Get associations with id: 0
2021-08-14 17:00:25.654  INFO 73732 --- [main] o.s.b.t.m.w.SpringBootMockServletContext : Initializing Spring TestDispatcherServlet ''
2021-08-14 17:00:25.656  INFO 73732 --- [main] o.s.t.web.servlet.TestDispatcherServlet  : Initializing Servlet ''
2021-08-14 17:00:25.660  INFO 73732 --- [main] o.s.t.web.servlet.TestDispatcherServlet  : Completed initialization in 3 ms
2021-08-14 17:00:25.674  INFO 73732 --- [main] c.f.w.c.AssociationsController           : ********** Get associations with FIDAL id: BA000
2021-08-14 17:00:25.689  INFO 73732 --- [main] o.s.b.t.m.w.SpringBootMockServletContext : Initializing Spring TestDispatcherServlet ''
2021-08-14 17:00:25.689  INFO 73732 --- [main] o.s.t.web.servlet.TestDispatcherServlet  : Initializing Servlet ''
2021-08-14 17:00:25.692  INFO 73732 --- [main] o.s.t.web.servlet.TestDispatcherServlet  : Completed initialization in 2 ms
2021-08-14 17:00:25.708  INFO 73732 --- [main] c.f.w.c.AssociationsController           : ********** Modify associations ASD RUNNERS 2
2021-08-14 17:00:25.859  INFO 73732 --- [main] o.s.b.t.m.w.SpringBootMockServletContext : Initializing Spring TestDispatcherServlet ''
2021-08-14 17:00:25.863  INFO 73732 --- [main] o.s.t.web.servlet.TestDispatcherServlet  : Initializing Servlet ''
2021-08-14 17:00:25.880  INFO 73732 --- [main] o.s.t.web.servlet.TestDispatcherServlet  : Completed initialization in 16 ms
2021-08-14 17:00:25.963  INFO 73732 --- [main] c.f.w.c.AssociationsController           : ********** Modify associations ASD RUNNERS 2
2021-08-14 17:00:26.019  WARN 73732 --- [main] c.f.w.c.AssociationsController           : Associazione con FIDAL ID BAAAA presente
2021-08-14 17:00:26.043  INFO 73732 --- [main] o.s.b.t.m.w.SpringBootMockServletContext : Initializing Spring TestDispatcherServlet ''
2021-08-14 17:00:26.043  INFO 73732 --- [main] o.s.t.web.servlet.TestDispatcherServlet  : Initializing Servlet ''
2021-08-14 17:00:26.046  INFO 73732 --- [main] o.s.t.web.servlet.TestDispatcherServlet  : Completed initialization in 3 ms
2021-08-14 17:00:26.064  INFO 73732 --- [main] c.f.w.c.AssociationsController           : ********** Modify associations ASD RUNNERS 2ASD RUNNERS 2ASD RUNNERS 2ASD RUNNERS 2ASD RUNNERS 2
2021-08-14 17:00:26.064  WARN 73732 --- [main] c.f.w.c.AssociationsController           : Il nome deve avere massimo 40 caratteri
2021-08-14 17:00:26.093  INFO 73732 --- [main] o.s.b.t.m.w.SpringBootMockServletContext : Initializing Spring TestDispatcherServlet ''
2021-08-14 17:00:26.096  INFO 73732 --- [main] o.s.t.web.servlet.TestDispatcherServlet  : Initializing Servlet ''
2021-08-14 17:00:26.099  INFO 73732 --- [main] o.s.t.web.servlet.TestDispatcherServlet  : Completed initialization in 3 ms
2021-08-14 17:00:26.112  INFO 73732 --- [main] c.f.w.c.AssociationsController           : ********** Modify associations ASD RUNNERS
2021-08-14 17:00:26.174  WARN 73732 --- [main] c.f.w.c.AssociationsController           : Nessuna associazione presente con id 9999999
2021-08-14 17:00:26.196  INFO 73732 --- [main] o.s.b.t.m.w.SpringBootMockServletContext : Initializing Spring TestDispatcherServlet ''
2021-08-14 17:00:26.196  INFO 73732 --- [main] o.s.t.web.servlet.TestDispatcherServlet  : Initializing Servlet ''
2021-08-14 17:00:26.206  INFO 73732 --- [main] o.s.t.web.servlet.TestDispatcherServlet  : Completed initialization in 10 ms
2021-08-14 17:00:26.215  INFO 73732 --- [main] c.f.w.c.AssociationsController           : ********** Delete associations 133
2021-08-14 17:00:26.267  INFO 73732 --- [main] c.f.w.c.AssociationsController           : ********** Delete associations 134
2021-08-14 17:00:26.355  INFO 73732 --- [main] o.s.b.t.m.w.SpringBootMockServletContext : Initializing Spring TestDispatcherServlet ''
2021-08-14 17:00:26.360  INFO 73732 --- [main] o.s.t.web.servlet.TestDispatcherServlet  : Initializing Servlet ''
2021-08-14 17:00:26.374  INFO 73732 --- [main] o.s.t.web.servlet.TestDispatcherServlet  : Completed initialization in 13 ms
2021-08-14 17:00:26.376  INFO 73732 --- [main] c.f.w.c.AssociationsController           : ********** Delete associations 99999999
2021-08-14 17:00:26.475  INFO 73732 --- [SpringApplicationShutdownHook] j.LocalContainerEntityManagerFactoryBean : Closing JPA EntityManagerFactory for persistence unit 'default'
2021-08-14 17:00:26.479  INFO 73732 --- [SpringApplicationShutdownHook] com.zaxxer.hikari.HikariDataSource       : HikariPool-1 - Shutdown initiated...
2021-08-14 17:00:26.501  INFO 73732 --- [SpringApplicationShutdownHook] com.zaxxer.hikari.HikariDataSource       : HikariPool-1 - Shutdown completed.
2021-08-14 17:01:04.510  INFO 73843 --- [main] c.f.w.C.AssociationsControllerTests      : Starting AssociationsControllerTests using Java 11.0.11 on MBP-di-Paolo.homenet.telecomitalia.it with PID 73843 (started by paoloacqua in /Users/paoloacqua/Documents/workspace/tarahumara/associations-web-service)
2021-08-14 17:01:04.517  INFO 73843 --- [main] c.f.w.C.AssociationsControllerTests      : No active profile set, falling back to default profiles: default
2021-08-14 17:01:07.093  INFO 73843 --- [main] .s.d.r.c.RepositoryConfigurationDelegate : Bootstrapping Spring Data JPA repositories in DEFAULT mode.
2021-08-14 17:01:07.198  INFO 73843 --- [main] .s.d.r.c.RepositoryConfigurationDelegate : Finished Spring Data repository scanning in 89 ms. Found 1 JPA repository interfaces.
2021-08-14 17:01:08.452  INFO 73843 --- [main] com.zaxxer.hikari.HikariDataSource       : HikariPool-1 - Starting...
2021-08-14 17:01:09.029  INFO 73843 --- [main] com.zaxxer.hikari.HikariDataSource       : HikariPool-1 - Start completed.
2021-08-14 17:01:09.271  INFO 73843 --- [main] o.hibernate.jpa.internal.util.LogHelper  : HHH000204: Processing PersistenceUnitInfo [name: default]
2021-08-14 17:01:09.394  INFO 73843 --- [main] org.hibernate.Version                    : HHH000412: Hibernate ORM core version 5.4.32.Final
2021-08-14 17:01:09.638  INFO 73843 --- [main] o.hibernate.annotations.common.Version   : HCANN000001: Hibernate Commons Annotations {5.1.2.Final}
2021-08-14 17:01:09.842  INFO 73843 --- [main] org.hibernate.dialect.Dialect            : HHH000400: Using dialect: org.hibernate.dialect.MySQL8Dialect
2021-08-14 17:01:10.875  INFO 73843 --- [main] o.h.e.t.j.p.i.JtaPlatformInitiator       : HHH000490: Using JtaPlatform implementation: [org.hibernate.engine.transaction.jta.platform.internal.NoJtaPlatform]
2021-08-14 17:01:10.891  INFO 73843 --- [main] j.LocalContainerEntityManagerFactoryBean : Initialized JPA EntityManagerFactory for persistence unit 'default'
2021-08-14 17:01:12.356  WARN 73843 --- [main] JpaBaseConfiguration$JpaWebConfiguration : spring.jpa.open-in-view is enabled by default. Therefore, database queries may be performed during view rendering. Explicitly configure spring.jpa.open-in-view to disable this warning
2021-08-14 17:01:13.176  INFO 73843 --- [main] o.s.b.a.e.web.EndpointLinksResolver      : Exposing 3 endpoint(s) beneath base path '/actuator'
2021-08-14 17:01:13.570  INFO 73843 --- [main] pertySourcedRequestMappingHandlerMapping : Mapped URL path [/v2/api-docs] onto method [springfox.documentation.swagger2.web.Swagger2Controller#getDocumentation(String, HttpServletRequest)]
2021-08-14 17:01:14.620  INFO 73843 --- [main] d.s.w.p.DocumentationPluginsBootstrapper : Context refreshed
2021-08-14 17:01:14.654  INFO 73843 --- [main] d.s.w.p.DocumentationPluginsBootstrapper : Found 1 custom documentation plugin(s)
2021-08-14 17:01:14.688  INFO 73843 --- [main] s.d.s.w.s.ApiListingReferenceScanner     : Scanning for api listing references
2021-08-14 17:01:14.974  INFO 73843 --- [main] .d.s.w.r.o.CachingOperationNameGenerator : Generating unique operation named: handleUsingGET_1
2021-08-14 17:01:14.980  INFO 73843 --- [main] .d.s.w.r.o.CachingOperationNameGenerator : Generating unique operation named: handleUsingGET_2
2021-08-14 17:01:15.043  INFO 73843 --- [main] c.f.w.C.AssociationsControllerTests      : Started AssociationsControllerTests in 11.115 seconds (JVM running for 12.84)
2021-08-14 17:01:15.324  INFO 73843 --- [main] o.s.b.t.m.w.SpringBootMockServletContext : Initializing Spring TestDispatcherServlet ''
2021-08-14 17:01:15.325  INFO 73843 --- [main] o.s.t.web.servlet.TestDispatcherServlet  : Initializing Servlet ''
2021-08-14 17:01:15.332  INFO 73843 --- [main] o.s.t.web.servlet.TestDispatcherServlet  : Completed initialization in 7 ms
2021-08-14 17:01:15.716  INFO 73843 --- [main] c.f.w.c.AssociationsController           : ********** Save associations ASD RUNNERS
2021-08-14 17:01:15.716  INFO 73843 --- [main] c.f.w.c.AssociationsController           : ********** Check duplicate by FIDAL id 
2021-08-14 17:01:16.247  INFO 73843 --- [main] o.s.b.t.m.w.SpringBootMockServletContext : Initializing Spring TestDispatcherServlet ''
2021-08-14 17:01:16.248  INFO 73843 --- [main] o.s.t.web.servlet.TestDispatcherServlet  : Initializing Servlet ''
2021-08-14 17:01:16.255  INFO 73843 --- [main] o.s.t.web.servlet.TestDispatcherServlet  : Completed initialization in 6 ms
2021-08-14 17:01:16.261  INFO 73843 --- [main] c.f.w.c.AssociationsController           : ********** Save associations ASD RUNNERS
2021-08-14 17:01:16.262  INFO 73843 --- [main] c.f.w.c.AssociationsController           : ********** Check duplicate by FIDAL id 
2021-08-14 17:01:16.307  WARN 73843 --- [main] c.f.w.c.AssociationsController           : Associazione con FIDAL ID BA000 presente
2021-08-14 17:01:16.377  INFO 73843 --- [main] o.s.b.t.m.w.SpringBootMockServletContext : Initializing Spring TestDispatcherServlet ''
2021-08-14 17:01:16.381  INFO 73843 --- [main] o.s.t.web.servlet.TestDispatcherServlet  : Initializing Servlet ''
2021-08-14 17:01:16.383  INFO 73843 --- [main] o.s.t.web.servlet.TestDispatcherServlet  : Completed initialization in 2 ms
2021-08-14 17:01:16.428  INFO 73843 --- [main] c.f.w.c.AssociationsController           : ********** Save associations null
2021-08-14 17:01:16.430  WARN 73843 --- [main] c.f.w.c.AssociationsController           : Il campo nome non deve essere vuoto
2021-08-14 17:01:16.496  INFO 73843 --- [main] o.s.b.t.m.w.SpringBootMockServletContext : Initializing Spring TestDispatcherServlet ''
2021-08-14 17:01:16.498  INFO 73843 --- [main] o.s.t.web.servlet.TestDispatcherServlet  : Initializing Servlet ''
2021-08-14 17:01:16.501  INFO 73843 --- [main] o.s.t.web.servlet.TestDispatcherServlet  : Completed initialization in 2 ms
2021-08-14 17:01:16.520  INFO 73843 --- [main] c.f.w.c.AssociationsController           : ********** Save associations ASD HAPPY RUNNERS ALTAMURAASD HAPPY RUNNERS ALTAMURAASD
2021-08-14 17:01:16.521  WARN 73843 --- [main] c.f.w.c.AssociationsController           : Il nome deve avere massimo 40 caratteri
2021-08-14 17:01:16.551  INFO 73843 --- [main] o.s.b.t.m.w.SpringBootMockServletContext : Initializing Spring TestDispatcherServlet ''
2021-08-14 17:01:16.553  INFO 73843 --- [main] o.s.t.web.servlet.TestDispatcherServlet  : Initializing Servlet ''
2021-08-14 17:01:16.556  INFO 73843 --- [main] o.s.t.web.servlet.TestDispatcherServlet  : Completed initialization in 2 ms
2021-08-14 17:01:16.561  INFO 73843 --- [main] c.f.w.c.AssociationsController           : ********** Get all associations
2021-08-14 17:01:16.641  INFO 73843 --- [main] c.f.w.c.AssociationsController           : ********** Associations found:1
2021-08-14 17:01:16.693  INFO 73843 --- [main] o.s.b.t.m.w.SpringBootMockServletContext : Initializing Spring TestDispatcherServlet ''
2021-08-14 17:01:16.712  INFO 73843 --- [main] o.s.t.web.servlet.TestDispatcherServlet  : Initializing Servlet ''
2021-08-14 17:01:16.714  INFO 73843 --- [main] o.s.t.web.servlet.TestDispatcherServlet  : Completed initialization in 2 ms
2021-08-14 17:01:16.758  INFO 73843 --- [main] c.f.w.c.AssociationsController           : ********** Get associations with id: 135
2021-08-14 17:01:16.906  INFO 73843 --- [main] o.s.b.t.m.w.SpringBootMockServletContext : Initializing Spring TestDispatcherServlet ''
2021-08-14 17:01:16.906  INFO 73843 --- [main] o.s.t.web.servlet.TestDispatcherServlet  : Initializing Servlet ''
2021-08-14 17:01:16.911  INFO 73843 --- [main] o.s.t.web.servlet.TestDispatcherServlet  : Completed initialization in 4 ms
2021-08-14 17:01:16.914  INFO 73843 --- [main] c.f.w.c.AssociationsController           : ********** Get associations with id: 0
2021-08-14 17:01:16.949  INFO 73843 --- [main] o.s.b.t.m.w.SpringBootMockServletContext : Initializing Spring TestDispatcherServlet ''
2021-08-14 17:01:16.950  INFO 73843 --- [main] o.s.t.web.servlet.TestDispatcherServlet  : Initializing Servlet ''
2021-08-14 17:01:16.953  INFO 73843 --- [main] o.s.t.web.servlet.TestDispatcherServlet  : Completed initialization in 3 ms
2021-08-14 17:01:16.964  INFO 73843 --- [main] c.f.w.c.AssociationsController           : ********** Get associations with FIDAL id: BA000
2021-08-14 17:01:16.977  INFO 73843 --- [main] o.s.b.t.m.w.SpringBootMockServletContext : Initializing Spring TestDispatcherServlet ''
2021-08-14 17:01:16.978  INFO 73843 --- [main] o.s.t.web.servlet.TestDispatcherServlet  : Initializing Servlet ''
2021-08-14 17:01:16.980  INFO 73843 --- [main] o.s.t.web.servlet.TestDispatcherServlet  : Completed initialization in 1 ms
2021-08-14 17:01:17.074  INFO 73843 --- [main] c.f.w.c.AssociationsController           : ********** Modify associations ASD RUNNERS 2
2021-08-14 17:01:17.294  INFO 73843 --- [main] o.s.b.t.m.w.SpringBootMockServletContext : Initializing Spring TestDispatcherServlet ''
2021-08-14 17:01:17.294  INFO 73843 --- [main] o.s.t.web.servlet.TestDispatcherServlet  : Initializing Servlet ''
2021-08-14 17:01:17.300  INFO 73843 --- [main] o.s.t.web.servlet.TestDispatcherServlet  : Completed initialization in 5 ms
2021-08-14 17:01:17.385  INFO 73843 --- [main] c.f.w.c.AssociationsController           : ********** Modify associations ASD RUNNERS 2
2021-08-14 17:01:17.438  WARN 73843 --- [main] c.f.w.c.AssociationsController           : Associazione con FIDAL ID BAAAA presente
2021-08-14 17:01:17.475  INFO 73843 --- [main] o.s.b.t.m.w.SpringBootMockServletContext : Initializing Spring TestDispatcherServlet ''
2021-08-14 17:01:17.475  INFO 73843 --- [main] o.s.t.web.servlet.TestDispatcherServlet  : Initializing Servlet ''
2021-08-14 17:01:17.478  INFO 73843 --- [main] o.s.t.web.servlet.TestDispatcherServlet  : Completed initialization in 2 ms
2021-08-14 17:01:17.491  INFO 73843 --- [main] c.f.w.c.AssociationsController           : ********** Modify associations ASD RUNNERS 2ASD RUNNERS 2ASD RUNNERS 2ASD RUNNERS 2ASD RUNNERS 2
2021-08-14 17:01:17.492  WARN 73843 --- [main] c.f.w.c.AssociationsController           : Il nome deve avere massimo 40 caratteri
2021-08-14 17:01:17.514  INFO 73843 --- [main] o.s.b.t.m.w.SpringBootMockServletContext : Initializing Spring TestDispatcherServlet ''
2021-08-14 17:01:17.516  INFO 73843 --- [main] o.s.t.web.servlet.TestDispatcherServlet  : Initializing Servlet ''
2021-08-14 17:01:17.549  INFO 73843 --- [main] o.s.t.web.servlet.TestDispatcherServlet  : Completed initialization in 32 ms
2021-08-14 17:01:17.553  INFO 73843 --- [main] c.f.w.c.AssociationsController           : ********** Modify associations ASD RUNNERS
2021-08-14 17:01:17.589  WARN 73843 --- [main] c.f.w.c.AssociationsController           : Nessuna associazione presente con id 9999999
2021-08-14 17:01:17.607  INFO 73843 --- [main] o.s.b.t.m.w.SpringBootMockServletContext : Initializing Spring TestDispatcherServlet ''
2021-08-14 17:01:17.608  INFO 73843 --- [main] o.s.t.web.servlet.TestDispatcherServlet  : Initializing Servlet ''
2021-08-14 17:01:17.611  INFO 73843 --- [main] o.s.t.web.servlet.TestDispatcherServlet  : Completed initialization in 2 ms
2021-08-14 17:01:17.642  INFO 73843 --- [main] c.f.w.c.AssociationsController           : ********** Delete associations 135
2021-08-14 17:01:17.712  INFO 73843 --- [main] c.f.w.c.AssociationsController           : ********** Delete associations 136
2021-08-14 17:01:17.842  INFO 73843 --- [main] o.s.b.t.m.w.SpringBootMockServletContext : Initializing Spring TestDispatcherServlet ''
2021-08-14 17:01:17.842  INFO 73843 --- [main] o.s.t.web.servlet.TestDispatcherServlet  : Initializing Servlet ''
2021-08-14 17:01:17.844  INFO 73843 --- [main] o.s.t.web.servlet.TestDispatcherServlet  : Completed initialization in 2 ms
2021-08-14 17:01:17.847  INFO 73843 --- [main] c.f.w.c.AssociationsController           : ********** Delete associations 99999999
2021-08-14 17:01:17.923  INFO 73843 --- [SpringApplicationShutdownHook] j.LocalContainerEntityManagerFactoryBean : Closing JPA EntityManagerFactory for persistence unit 'default'
2021-08-14 17:01:17.927  INFO 73843 --- [SpringApplicationShutdownHook] com.zaxxer.hikari.HikariDataSource       : HikariPool-1 - Shutdown initiated...
2021-08-14 17:01:17.952  INFO 73843 --- [SpringApplicationShutdownHook] com.zaxxer.hikari.HikariDataSource       : HikariPool-1 - Shutdown completed.
2021-08-14 17:02:28.600  INFO 74012 --- [main] c.f.w.C.AssociationsControllerTests      : Starting AssociationsControllerTests using Java 11.0.11 on MBP-di-Paolo.homenet.telecomitalia.it with PID 74012 (started by paoloacqua in /Users/paoloacqua/Documents/workspace/tarahumara/associations-web-service)
2021-08-14 17:02:28.613  INFO 74012 --- [main] c.f.w.C.AssociationsControllerTests      : No active profile set, falling back to default profiles: default
2021-08-14 17:02:31.633  INFO 74012 --- [main] .s.d.r.c.RepositoryConfigurationDelegate : Bootstrapping Spring Data JPA repositories in DEFAULT mode.
2021-08-14 17:02:31.735  INFO 74012 --- [main] .s.d.r.c.RepositoryConfigurationDelegate : Finished Spring Data repository scanning in 87 ms. Found 1 JPA repository interfaces.
2021-08-14 17:02:33.229  INFO 74012 --- [main] com.zaxxer.hikari.HikariDataSource       : HikariPool-1 - Starting...
2021-08-14 17:02:33.723  INFO 74012 --- [main] com.zaxxer.hikari.HikariDataSource       : HikariPool-1 - Start completed.
2021-08-14 17:02:34.051  INFO 74012 --- [main] o.hibernate.jpa.internal.util.LogHelper  : HHH000204: Processing PersistenceUnitInfo [name: default]
2021-08-14 17:02:34.165  INFO 74012 --- [main] org.hibernate.Version                    : HHH000412: Hibernate ORM core version 5.4.32.Final
2021-08-14 17:02:34.479  INFO 74012 --- [main] o.hibernate.annotations.common.Version   : HCANN000001: Hibernate Commons Annotations {5.1.2.Final}
2021-08-14 17:02:34.676  INFO 74012 --- [main] org.hibernate.dialect.Dialect            : HHH000400: Using dialect: org.hibernate.dialect.MySQL8Dialect
2021-08-14 17:02:35.689  INFO 74012 --- [main] o.h.e.t.j.p.i.JtaPlatformInitiator       : HHH000490: Using JtaPlatform implementation: [org.hibernate.engine.transaction.jta.platform.internal.NoJtaPlatform]
2021-08-14 17:02:35.708  INFO 74012 --- [main] j.LocalContainerEntityManagerFactoryBean : Initialized JPA EntityManagerFactory for persistence unit 'default'
2021-08-14 17:02:37.180  WARN 74012 --- [main] JpaBaseConfiguration$JpaWebConfiguration : spring.jpa.open-in-view is enabled by default. Therefore, database queries may be performed during view rendering. Explicitly configure spring.jpa.open-in-view to disable this warning
2021-08-14 17:02:38.031  INFO 74012 --- [main] o.s.b.a.e.web.EndpointLinksResolver      : Exposing 3 endpoint(s) beneath base path '/actuator'
2021-08-14 17:02:38.477  INFO 74012 --- [main] pertySourcedRequestMappingHandlerMapping : Mapped URL path [/v2/api-docs] onto method [springfox.documentation.swagger2.web.Swagger2Controller#getDocumentation(String, HttpServletRequest)]
2021-08-14 17:02:39.517  INFO 74012 --- [main] d.s.w.p.DocumentationPluginsBootstrapper : Context refreshed
2021-08-14 17:02:39.548  INFO 74012 --- [main] d.s.w.p.DocumentationPluginsBootstrapper : Found 1 custom documentation plugin(s)
2021-08-14 17:02:39.588  INFO 74012 --- [main] s.d.s.w.s.ApiListingReferenceScanner     : Scanning for api listing references
2021-08-14 17:02:39.871  INFO 74012 --- [main] .d.s.w.r.o.CachingOperationNameGenerator : Generating unique operation named: handleUsingGET_1
2021-08-14 17:02:39.878  INFO 74012 --- [main] .d.s.w.r.o.CachingOperationNameGenerator : Generating unique operation named: handleUsingGET_2
2021-08-14 17:02:39.925  INFO 74012 --- [main] c.f.w.C.AssociationsControllerTests      : Started AssociationsControllerTests in 13.585 seconds (JVM running for 16.757)
2021-08-14 17:02:40.323  INFO 74012 --- [main] o.s.b.t.m.w.SpringBootMockServletContext : Initializing Spring TestDispatcherServlet ''
2021-08-14 17:02:40.324  INFO 74012 --- [main] o.s.t.web.servlet.TestDispatcherServlet  : Initializing Servlet ''
2021-08-14 17:02:40.327  INFO 74012 --- [main] o.s.t.web.servlet.TestDispatcherServlet  : Completed initialization in 3 ms
2021-08-14 17:02:40.592  INFO 74012 --- [main] c.f.w.c.AssociationsController           : ********** Save associations ASD RUNNERS
2021-08-14 17:02:40.592  INFO 74012 --- [main] c.f.w.c.AssociationsController           : ********** Check duplicate by FIDAL id 
2021-08-14 17:02:41.168  INFO 74012 --- [main] o.s.b.t.m.w.SpringBootMockServletContext : Initializing Spring TestDispatcherServlet ''
2021-08-14 17:02:41.170  INFO 74012 --- [main] o.s.t.web.servlet.TestDispatcherServlet  : Initializing Servlet ''
2021-08-14 17:02:41.173  INFO 74012 --- [main] o.s.t.web.servlet.TestDispatcherServlet  : Completed initialization in 3 ms
2021-08-14 17:02:41.183  INFO 74012 --- [main] c.f.w.c.AssociationsController           : ********** Save associations ASD RUNNERS
2021-08-14 17:02:41.187  INFO 74012 --- [main] c.f.w.c.AssociationsController           : ********** Check duplicate by FIDAL id 
2021-08-14 17:02:41.356  WARN 74012 --- [main] c.f.w.c.AssociationsController           : Associazione con FIDAL ID BA000 presente
2021-08-14 17:02:41.509  INFO 74012 --- [main] o.s.b.t.m.w.SpringBootMockServletContext : Initializing Spring TestDispatcherServlet ''
2021-08-14 17:02:41.510  INFO 74012 --- [main] o.s.t.web.servlet.TestDispatcherServlet  : Initializing Servlet ''
2021-08-14 17:02:41.515  INFO 74012 --- [main] o.s.t.web.servlet.TestDispatcherServlet  : Completed initialization in 4 ms
2021-08-14 17:02:41.553  INFO 74012 --- [main] c.f.w.c.AssociationsController           : ********** Save associations null
2021-08-14 17:02:41.559  WARN 74012 --- [main] c.f.w.c.AssociationsController           : Il nome NON deve essere NULL
2021-08-14 17:02:41.624  INFO 74012 --- [main] o.s.b.t.m.w.SpringBootMockServletContext : Initializing Spring TestDispatcherServlet ''
2021-08-14 17:02:41.625  INFO 74012 --- [main] o.s.t.web.servlet.TestDispatcherServlet  : Initializing Servlet ''
2021-08-14 17:02:41.630  INFO 74012 --- [main] o.s.t.web.servlet.TestDispatcherServlet  : Completed initialization in 2 ms
2021-08-14 17:02:41.658  INFO 74012 --- [main] c.f.w.c.AssociationsController           : ********** Save associations ASD HAPPY RUNNERS ALTAMURAASD HAPPY RUNNERS ALTAMURAASD
2021-08-14 17:02:41.669  WARN 74012 --- [main] c.f.w.c.AssociationsController           : Il nome deve avere massimo 40 caratteri
2021-08-14 17:02:41.739  INFO 74012 --- [main] o.s.b.t.m.w.SpringBootMockServletContext : Initializing Spring TestDispatcherServlet ''
2021-08-14 17:02:41.740  INFO 74012 --- [main] o.s.t.web.servlet.TestDispatcherServlet  : Initializing Servlet ''
2021-08-14 17:02:41.743  INFO 74012 --- [main] o.s.t.web.servlet.TestDispatcherServlet  : Completed initialization in 2 ms
2021-08-14 17:02:41.755  INFO 74012 --- [main] c.f.w.c.AssociationsController           : ********** Get all associations
2021-08-14 17:02:41.813  INFO 74012 --- [main] c.f.w.c.AssociationsController           : ********** Associations found:1
2021-08-14 17:02:41.872  INFO 74012 --- [main] o.s.b.t.m.w.SpringBootMockServletContext : Initializing Spring TestDispatcherServlet ''
2021-08-14 17:02:41.875  INFO 74012 --- [main] o.s.t.web.servlet.TestDispatcherServlet  : Initializing Servlet ''
2021-08-14 17:02:41.953  INFO 74012 --- [main] o.s.t.web.servlet.TestDispatcherServlet  : Completed initialization in 69 ms
2021-08-14 17:02:42.060  INFO 74012 --- [main] c.f.w.c.AssociationsController           : ********** Get associations with id: 137
2021-08-14 17:02:42.233  INFO 74012 --- [main] o.s.b.t.m.w.SpringBootMockServletContext : Initializing Spring TestDispatcherServlet ''
2021-08-14 17:02:42.252  INFO 74012 --- [main] o.s.t.web.servlet.TestDispatcherServlet  : Initializing Servlet ''
2021-08-14 17:02:42.255  INFO 74012 --- [main] o.s.t.web.servlet.TestDispatcherServlet  : Completed initialization in 3 ms
2021-08-14 17:02:42.278  INFO 74012 --- [main] c.f.w.c.AssociationsController           : ********** Get associations with id: 0
2021-08-14 17:02:42.345  INFO 74012 --- [main] o.s.b.t.m.w.SpringBootMockServletContext : Initializing Spring TestDispatcherServlet ''
2021-08-14 17:02:42.347  INFO 74012 --- [main] o.s.t.web.servlet.TestDispatcherServlet  : Initializing Servlet ''
2021-08-14 17:02:42.352  INFO 74012 --- [main] o.s.t.web.servlet.TestDispatcherServlet  : Completed initialization in 5 ms
2021-08-14 17:02:42.369  INFO 74012 --- [main] c.f.w.c.AssociationsController           : ********** Get associations with FIDAL id: BA000
2021-08-14 17:02:42.385  INFO 74012 --- [main] o.s.b.t.m.w.SpringBootMockServletContext : Initializing Spring TestDispatcherServlet ''
2021-08-14 17:02:42.388  INFO 74012 --- [main] o.s.t.web.servlet.TestDispatcherServlet  : Initializing Servlet ''
2021-08-14 17:02:42.391  INFO 74012 --- [main] o.s.t.web.servlet.TestDispatcherServlet  : Completed initialization in 3 ms
2021-08-14 17:02:42.525  INFO 74012 --- [main] c.f.w.c.AssociationsController           : ********** Modify associations ASD RUNNERS 2
2021-08-14 17:02:42.687  INFO 74012 --- [main] o.s.b.t.m.w.SpringBootMockServletContext : Initializing Spring TestDispatcherServlet ''
2021-08-14 17:02:42.688  INFO 74012 --- [main] o.s.t.web.servlet.TestDispatcherServlet  : Initializing Servlet ''
2021-08-14 17:02:42.698  INFO 74012 --- [main] o.s.t.web.servlet.TestDispatcherServlet  : Completed initialization in 10 ms
2021-08-14 17:02:42.772  INFO 74012 --- [main] c.f.w.c.AssociationsController           : ********** Modify associations ASD RUNNERS 2
2021-08-14 17:02:42.849  WARN 74012 --- [main] c.f.w.c.AssociationsController           : Associazione con FIDAL ID BAAAA presente
2021-08-14 17:02:42.882  INFO 74012 --- [main] o.s.b.t.m.w.SpringBootMockServletContext : Initializing Spring TestDispatcherServlet ''
2021-08-14 17:02:42.882  INFO 74012 --- [main] o.s.t.web.servlet.TestDispatcherServlet  : Initializing Servlet ''
2021-08-14 17:02:42.885  INFO 74012 --- [main] o.s.t.web.servlet.TestDispatcherServlet  : Completed initialization in 3 ms
2021-08-14 17:02:42.906  INFO 74012 --- [main] c.f.w.c.AssociationsController           : ********** Modify associations ASD RUNNERS 2ASD RUNNERS 2ASD RUNNERS 2ASD RUNNERS 2ASD RUNNERS 2
2021-08-14 17:02:42.907  WARN 74012 --- [main] c.f.w.c.AssociationsController           : Il nome deve avere massimo 40 caratteri
2021-08-14 17:02:42.968  INFO 74012 --- [main] o.s.b.t.m.w.SpringBootMockServletContext : Initializing Spring TestDispatcherServlet ''
2021-08-14 17:02:42.969  INFO 74012 --- [main] o.s.t.web.servlet.TestDispatcherServlet  : Initializing Servlet ''
2021-08-14 17:02:42.973  INFO 74012 --- [main] o.s.t.web.servlet.TestDispatcherServlet  : Completed initialization in 2 ms
2021-08-14 17:02:42.982  INFO 74012 --- [main] c.f.w.c.AssociationsController           : ********** Modify associations ASD RUNNERS
2021-08-14 17:02:43.024  WARN 74012 --- [main] c.f.w.c.AssociationsController           : Nessuna associazione presente con id 9999999
2021-08-14 17:02:43.043  INFO 74012 --- [main] o.s.b.t.m.w.SpringBootMockServletContext : Initializing Spring TestDispatcherServlet ''
2021-08-14 17:02:43.050  INFO 74012 --- [main] o.s.t.web.servlet.TestDispatcherServlet  : Initializing Servlet ''
2021-08-14 17:02:43.054  INFO 74012 --- [main] o.s.t.web.servlet.TestDispatcherServlet  : Completed initialization in 2 ms
2021-08-14 17:02:43.074  INFO 74012 --- [main] c.f.w.c.AssociationsController           : ********** Delete associations 137
2021-08-14 17:02:43.209  INFO 74012 --- [main] c.f.w.c.AssociationsController           : ********** Delete associations 138
2021-08-14 17:02:43.304  INFO 74012 --- [main] o.s.b.t.m.w.SpringBootMockServletContext : Initializing Spring TestDispatcherServlet ''
2021-08-14 17:02:43.304  INFO 74012 --- [main] o.s.t.web.servlet.TestDispatcherServlet  : Initializing Servlet ''
2021-08-14 17:02:43.306  INFO 74012 --- [main] o.s.t.web.servlet.TestDispatcherServlet  : Completed initialization in 2 ms
2021-08-14 17:02:43.309  INFO 74012 --- [main] c.f.w.c.AssociationsController           : ********** Delete associations 99999999
2021-08-14 17:02:43.404  INFO 74012 --- [SpringApplicationShutdownHook] j.LocalContainerEntityManagerFactoryBean : Closing JPA EntityManagerFactory for persistence unit 'default'
2021-08-14 17:02:43.408  INFO 74012 --- [SpringApplicationShutdownHook] com.zaxxer.hikari.HikariDataSource       : HikariPool-1 - Shutdown initiated...
2021-08-14 17:02:43.431  INFO 74012 --- [SpringApplicationShutdownHook] com.zaxxer.hikari.HikariDataSource       : HikariPool-1 - Shutdown completed.
2021-08-14 17:03:23.341  INFO 74142 --- [main] c.f.w.C.AssociationsControllerTests      : Starting AssociationsControllerTests using Java 11.0.11 on MBP-di-Paolo.homenet.telecomitalia.it with PID 74142 (started by paoloacqua in /Users/paoloacqua/Documents/workspace/tarahumara/associations-web-service)
2021-08-14 17:03:23.347  INFO 74142 --- [main] c.f.w.C.AssociationsControllerTests      : No active profile set, falling back to default profiles: default
2021-08-14 17:03:25.463  INFO 74142 --- [main] .s.d.r.c.RepositoryConfigurationDelegate : Bootstrapping Spring Data JPA repositories in DEFAULT mode.
2021-08-14 17:03:25.549  INFO 74142 --- [main] .s.d.r.c.RepositoryConfigurationDelegate : Finished Spring Data repository scanning in 73 ms. Found 1 JPA repository interfaces.
2021-08-14 17:03:26.668  INFO 74142 --- [main] com.zaxxer.hikari.HikariDataSource       : HikariPool-1 - Starting...
2021-08-14 17:03:27.004  INFO 74142 --- [main] com.zaxxer.hikari.HikariDataSource       : HikariPool-1 - Start completed.
2021-08-14 17:03:27.114  INFO 74142 --- [main] o.hibernate.jpa.internal.util.LogHelper  : HHH000204: Processing PersistenceUnitInfo [name: default]
2021-08-14 17:03:27.268  INFO 74142 --- [main] org.hibernate.Version                    : HHH000412: Hibernate ORM core version 5.4.32.Final
2021-08-14 17:03:27.501  INFO 74142 --- [main] o.hibernate.annotations.common.Version   : HCANN000001: Hibernate Commons Annotations {5.1.2.Final}
2021-08-14 17:03:27.678  INFO 74142 --- [main] org.hibernate.dialect.Dialect            : HHH000400: Using dialect: org.hibernate.dialect.MySQL8Dialect
2021-08-14 17:03:28.613  INFO 74142 --- [main] o.h.e.t.j.p.i.JtaPlatformInitiator       : HHH000490: Using JtaPlatform implementation: [org.hibernate.engine.transaction.jta.platform.internal.NoJtaPlatform]
2021-08-14 17:03:28.630  INFO 74142 --- [main] j.LocalContainerEntityManagerFactoryBean : Initialized JPA EntityManagerFactory for persistence unit 'default'
2021-08-14 17:03:29.947  WARN 74142 --- [main] JpaBaseConfiguration$JpaWebConfiguration : spring.jpa.open-in-view is enabled by default. Therefore, database queries may be performed during view rendering. Explicitly configure spring.jpa.open-in-view to disable this warning
2021-08-14 17:03:30.542  INFO 74142 --- [main] o.s.b.a.e.web.EndpointLinksResolver      : Exposing 3 endpoint(s) beneath base path '/actuator'
2021-08-14 17:03:31.169  INFO 74142 --- [main] pertySourcedRequestMappingHandlerMapping : Mapped URL path [/v2/api-docs] onto method [springfox.documentation.swagger2.web.Swagger2Controller#getDocumentation(String, HttpServletRequest)]
2021-08-14 17:03:32.164  INFO 74142 --- [main] d.s.w.p.DocumentationPluginsBootstrapper : Context refreshed
2021-08-14 17:03:32.195  INFO 74142 --- [main] d.s.w.p.DocumentationPluginsBootstrapper : Found 1 custom documentation plugin(s)
2021-08-14 17:03:32.228  INFO 74142 --- [main] s.d.s.w.s.ApiListingReferenceScanner     : Scanning for api listing references
2021-08-14 17:03:32.507  INFO 74142 --- [main] .d.s.w.r.o.CachingOperationNameGenerator : Generating unique operation named: handleUsingGET_1
2021-08-14 17:03:32.512  INFO 74142 --- [main] .d.s.w.r.o.CachingOperationNameGenerator : Generating unique operation named: handleUsingGET_2
2021-08-14 17:03:32.561  INFO 74142 --- [main] c.f.w.C.AssociationsControllerTests      : Started AssociationsControllerTests in 9.787 seconds (JVM running for 11.238)
2021-08-14 17:03:32.848  INFO 74142 --- [main] o.s.b.t.m.w.SpringBootMockServletContext : Initializing Spring TestDispatcherServlet ''
2021-08-14 17:03:32.849  INFO 74142 --- [main] o.s.t.web.servlet.TestDispatcherServlet  : Initializing Servlet ''
2021-08-14 17:03:32.852  INFO 74142 --- [main] o.s.t.web.servlet.TestDispatcherServlet  : Completed initialization in 3 ms
2021-08-14 17:03:33.214  INFO 74142 --- [main] c.f.w.c.AssociationsController           : ********** Save associations ASD RUNNERS
2021-08-14 17:03:33.214  INFO 74142 --- [main] c.f.w.c.AssociationsController           : ********** Check duplicate by FIDAL id 
2021-08-14 17:03:33.763  INFO 74142 --- [main] o.s.b.t.m.w.SpringBootMockServletContext : Initializing Spring TestDispatcherServlet ''
2021-08-14 17:03:33.763  INFO 74142 --- [main] o.s.t.web.servlet.TestDispatcherServlet  : Initializing Servlet ''
2021-08-14 17:03:33.765  INFO 74142 --- [main] o.s.t.web.servlet.TestDispatcherServlet  : Completed initialization in 2 ms
2021-08-14 17:03:33.769  INFO 74142 --- [main] c.f.w.c.AssociationsController           : ********** Save associations ASD RUNNERS
2021-08-14 17:03:33.770  INFO 74142 --- [main] c.f.w.c.AssociationsController           : ********** Check duplicate by FIDAL id 
2021-08-14 17:03:33.818  WARN 74142 --- [main] c.f.w.c.AssociationsController           : Associazione con FIDAL ID BA000 presente
2021-08-14 17:03:33.861  INFO 74142 --- [main] o.s.b.t.m.w.SpringBootMockServletContext : Initializing Spring TestDispatcherServlet ''
2021-08-14 17:03:33.862  INFO 74142 --- [main] o.s.t.web.servlet.TestDispatcherServlet  : Initializing Servlet ''
2021-08-14 17:03:33.866  INFO 74142 --- [main] o.s.t.web.servlet.TestDispatcherServlet  : Completed initialization in 3 ms
2021-08-14 17:03:33.900  INFO 74142 --- [main] c.f.w.c.AssociationsController           : ********** Save associations null
2021-08-14 17:03:33.900  WARN 74142 --- [main] c.f.w.c.AssociationsController           : Il nome NON deve essere NULL
2021-08-14 17:03:33.935  INFO 74142 --- [main] o.s.b.t.m.w.SpringBootMockServletContext : Initializing Spring TestDispatcherServlet ''
2021-08-14 17:03:33.935  INFO 74142 --- [main] o.s.t.web.servlet.TestDispatcherServlet  : Initializing Servlet ''
2021-08-14 17:03:33.949  INFO 74142 --- [main] o.s.t.web.servlet.TestDispatcherServlet  : Completed initialization in 13 ms
2021-08-14 17:03:33.955  INFO 74142 --- [main] c.f.w.c.AssociationsController           : ********** Save associations ASD HAPPY RUNNERS ALTAMURAASD HAPPY RUNNERS ALTAMURAASD
2021-08-14 17:03:33.959  WARN 74142 --- [main] c.f.w.c.AssociationsController           : Il nome deve avere massimo 40 caratteri
2021-08-14 17:03:34.036  INFO 74142 --- [main] o.s.b.t.m.w.SpringBootMockServletContext : Initializing Spring TestDispatcherServlet ''
2021-08-14 17:03:34.036  INFO 74142 --- [main] o.s.t.web.servlet.TestDispatcherServlet  : Initializing Servlet ''
2021-08-14 17:03:34.040  INFO 74142 --- [main] o.s.t.web.servlet.TestDispatcherServlet  : Completed initialization in 3 ms
2021-08-14 17:03:34.052  INFO 74142 --- [main] c.f.w.c.AssociationsController           : ********** Get all associations
2021-08-14 17:03:34.127  INFO 74142 --- [main] c.f.w.c.AssociationsController           : ********** Associations found:1
2021-08-14 17:03:34.170  INFO 74142 --- [main] o.s.b.t.m.w.SpringBootMockServletContext : Initializing Spring TestDispatcherServlet ''
2021-08-14 17:03:34.171  INFO 74142 --- [main] o.s.t.web.servlet.TestDispatcherServlet  : Initializing Servlet ''
2021-08-14 17:03:34.175  INFO 74142 --- [main] o.s.t.web.servlet.TestDispatcherServlet  : Completed initialization in 1 ms
2021-08-14 17:03:34.201  INFO 74142 --- [main] c.f.w.c.AssociationsController           : ********** Get associations with id: 139
2021-08-14 17:03:35.363  INFO 74142 --- [main] o.s.b.t.m.w.SpringBootMockServletContext : Initializing Spring TestDispatcherServlet ''
2021-08-14 17:03:35.363  INFO 74142 --- [main] o.s.t.web.servlet.TestDispatcherServlet  : Initializing Servlet ''
2021-08-14 17:03:35.368  INFO 74142 --- [main] o.s.t.web.servlet.TestDispatcherServlet  : Completed initialization in 4 ms
2021-08-14 17:03:35.371  INFO 74142 --- [main] c.f.w.c.AssociationsController           : ********** Get associations with id: 0
2021-08-14 17:03:35.420  INFO 74142 --- [main] o.s.b.t.m.w.SpringBootMockServletContext : Initializing Spring TestDispatcherServlet ''
2021-08-14 17:03:35.420  INFO 74142 --- [main] o.s.t.web.servlet.TestDispatcherServlet  : Initializing Servlet ''
2021-08-14 17:03:35.423  INFO 74142 --- [main] o.s.t.web.servlet.TestDispatcherServlet  : Completed initialization in 2 ms
2021-08-14 17:03:35.453  INFO 74142 --- [main] c.f.w.c.AssociationsController           : ********** Get associations with FIDAL id: BA000
2021-08-14 17:03:35.484  INFO 74142 --- [main] o.s.b.t.m.w.SpringBootMockServletContext : Initializing Spring TestDispatcherServlet ''
2021-08-14 17:03:35.485  INFO 74142 --- [main] o.s.t.web.servlet.TestDispatcherServlet  : Initializing Servlet ''
2021-08-14 17:03:35.491  INFO 74142 --- [main] o.s.t.web.servlet.TestDispatcherServlet  : Completed initialization in 5 ms
2021-08-14 17:03:35.547  INFO 74142 --- [main] c.f.w.c.AssociationsController           : ********** Modify associations ASD RUNNERS 2
2021-08-14 17:03:35.738  INFO 74142 --- [main] o.s.b.t.m.w.SpringBootMockServletContext : Initializing Spring TestDispatcherServlet ''
2021-08-14 17:03:35.738  INFO 74142 --- [main] o.s.t.web.servlet.TestDispatcherServlet  : Initializing Servlet ''
2021-08-14 17:03:35.746  INFO 74142 --- [main] o.s.t.web.servlet.TestDispatcherServlet  : Completed initialization in 3 ms
2021-08-14 17:03:35.796  INFO 74142 --- [main] c.f.w.c.AssociationsController           : ********** Modify associations ASD RUNNERS 2
2021-08-14 17:03:35.848  WARN 74142 --- [main] c.f.w.c.AssociationsController           : Associazione con FIDAL ID BAAAA presente
2021-08-14 17:03:35.864  INFO 74142 --- [main] o.s.b.t.m.w.SpringBootMockServletContext : Initializing Spring TestDispatcherServlet ''
2021-08-14 17:03:35.865  INFO 74142 --- [main] o.s.t.web.servlet.TestDispatcherServlet  : Initializing Servlet ''
2021-08-14 17:03:35.868  INFO 74142 --- [main] o.s.t.web.servlet.TestDispatcherServlet  : Completed initialization in 3 ms
2021-08-14 17:03:35.887  INFO 74142 --- [main] c.f.w.c.AssociationsController           : ********** Modify associations ASD RUNNERS 2ASD RUNNERS 2ASD RUNNERS 2ASD RUNNERS 2ASD RUNNERS 2
2021-08-14 17:03:35.892  WARN 74142 --- [main] c.f.w.c.AssociationsController           : Il nome deve avere massimo 40 caratteri
2021-08-14 17:03:35.912  INFO 74142 --- [main] o.s.b.t.m.w.SpringBootMockServletContext : Initializing Spring TestDispatcherServlet ''
2021-08-14 17:03:35.913  INFO 74142 --- [main] o.s.t.web.servlet.TestDispatcherServlet  : Initializing Servlet ''
2021-08-14 17:03:35.916  INFO 74142 --- [main] o.s.t.web.servlet.TestDispatcherServlet  : Completed initialization in 2 ms
2021-08-14 17:03:35.922  INFO 74142 --- [main] c.f.w.c.AssociationsController           : ********** Modify associations ASD RUNNERS
2021-08-14 17:03:35.984  WARN 74142 --- [main] c.f.w.c.AssociationsController           : Nessuna associazione presente con id 9999999
2021-08-14 17:03:36.013  INFO 74142 --- [main] o.s.b.t.m.w.SpringBootMockServletContext : Initializing Spring TestDispatcherServlet ''
2021-08-14 17:03:36.014  INFO 74142 --- [main] o.s.t.web.servlet.TestDispatcherServlet  : Initializing Servlet ''
2021-08-14 17:03:36.024  INFO 74142 --- [main] o.s.t.web.servlet.TestDispatcherServlet  : Completed initialization in 8 ms
2021-08-14 17:03:36.034  INFO 74142 --- [main] c.f.w.c.AssociationsController           : ********** Delete associations 139
2021-08-14 17:03:36.131  INFO 74142 --- [main] c.f.w.c.AssociationsController           : ********** Delete associations 140
2021-08-14 17:03:36.205  INFO 74142 --- [main] o.s.b.t.m.w.SpringBootMockServletContext : Initializing Spring TestDispatcherServlet ''
2021-08-14 17:03:36.205  INFO 74142 --- [main] o.s.t.web.servlet.TestDispatcherServlet  : Initializing Servlet ''
2021-08-14 17:03:36.231  INFO 74142 --- [main] o.s.t.web.servlet.TestDispatcherServlet  : Completed initialization in 16 ms
2021-08-14 17:03:36.295  INFO 74142 --- [main] c.f.w.c.AssociationsController           : ********** Delete associations 99999999
2021-08-14 17:03:36.381  INFO 74142 --- [SpringApplicationShutdownHook] j.LocalContainerEntityManagerFactoryBean : Closing JPA EntityManagerFactory for persistence unit 'default'
2021-08-14 17:03:36.386  INFO 74142 --- [SpringApplicationShutdownHook] com.zaxxer.hikari.HikariDataSource       : HikariPool-1 - Shutdown initiated...
2021-08-14 17:03:36.402  INFO 74142 --- [SpringApplicationShutdownHook] com.zaxxer.hikari.HikariDataSource       : HikariPool-1 - Shutdown completed.
2021-08-14 17:04:38.451  INFO 74305 --- [main] c.f.w.R.AssociationRepositoryTests       : Starting AssociationRepositoryTests using Java 11.0.11 on MBP-di-Paolo.homenet.telecomitalia.it with PID 74305 (started by paoloacqua in /Users/paoloacqua/Documents/workspace/tarahumara/associations-web-service)
2021-08-14 17:04:38.458  INFO 74305 --- [main] c.f.w.R.AssociationRepositoryTests       : No active profile set, falling back to default profiles: default
2021-08-14 17:04:41.586  INFO 74305 --- [main] .s.d.r.c.RepositoryConfigurationDelegate : Bootstrapping Spring Data JPA repositories in DEFAULT mode.
2021-08-14 17:04:41.823  INFO 74305 --- [main] .s.d.r.c.RepositoryConfigurationDelegate : Finished Spring Data repository scanning in 218 ms. Found 1 JPA repository interfaces.
2021-08-14 17:04:43.233  INFO 74305 --- [main] com.zaxxer.hikari.HikariDataSource       : HikariPool-1 - Starting...
2021-08-14 17:04:43.861  INFO 74305 --- [main] com.zaxxer.hikari.HikariDataSource       : HikariPool-1 - Start completed.
2021-08-14 17:04:43.986  INFO 74305 --- [main] o.hibernate.jpa.internal.util.LogHelper  : HHH000204: Processing PersistenceUnitInfo [name: default]
2021-08-14 17:04:44.150  INFO 74305 --- [main] org.hibernate.Version                    : HHH000412: Hibernate ORM core version 5.4.32.Final
2021-08-14 17:04:44.401  INFO 74305 --- [main] o.hibernate.annotations.common.Version   : HCANN000001: Hibernate Commons Annotations {5.1.2.Final}
2021-08-14 17:04:44.597  INFO 74305 --- [main] org.hibernate.dialect.Dialect            : HHH000400: Using dialect: org.hibernate.dialect.MySQL8Dialect
2021-08-14 17:04:45.696  INFO 74305 --- [main] o.h.e.t.j.p.i.JtaPlatformInitiator       : HHH000490: Using JtaPlatform implementation: [org.hibernate.engine.transaction.jta.platform.internal.NoJtaPlatform]
2021-08-14 17:04:45.713  INFO 74305 --- [main] j.LocalContainerEntityManagerFactoryBean : Initialized JPA EntityManagerFactory for persistence unit 'default'
2021-08-14 17:04:47.546  WARN 74305 --- [main] JpaBaseConfiguration$JpaWebConfiguration : spring.jpa.open-in-view is enabled by default. Therefore, database queries may be performed during view rendering. Explicitly configure spring.jpa.open-in-view to disable this warning
2021-08-14 17:04:48.213  INFO 74305 --- [main] o.s.b.a.e.web.EndpointLinksResolver      : Exposing 3 endpoint(s) beneath base path '/actuator'
2021-08-14 17:04:48.631  INFO 74305 --- [main] pertySourcedRequestMappingHandlerMapping : Mapped URL path [/v2/api-docs] onto method [springfox.documentation.swagger2.web.Swagger2Controller#getDocumentation(String, HttpServletRequest)]
2021-08-14 17:04:49.851  INFO 74305 --- [main] d.s.w.p.DocumentationPluginsBootstrapper : Context refreshed
2021-08-14 17:04:49.884  INFO 74305 --- [main] d.s.w.p.DocumentationPluginsBootstrapper : Found 1 custom documentation plugin(s)
2021-08-14 17:04:49.916  INFO 74305 --- [main] s.d.s.w.s.ApiListingReferenceScanner     : Scanning for api listing references
2021-08-14 17:04:50.501  INFO 74305 --- [main] .d.s.w.r.o.CachingOperationNameGenerator : Generating unique operation named: handleUsingGET_1
2021-08-14 17:04:50.505  INFO 74305 --- [main] .d.s.w.r.o.CachingOperationNameGenerator : Generating unique operation named: handleUsingGET_2
2021-08-14 17:04:50.587  INFO 74305 --- [main] c.f.w.R.AssociationRepositoryTests       : Started AssociationRepositoryTests in 12.774 seconds (JVM running for 14.459)
2021-08-14 17:05:16.081  INFO 74305 --- [SpringApplicationShutdownHook] j.LocalContainerEntityManagerFactoryBean : Closing JPA EntityManagerFactory for persistence unit 'default'
2021-08-14 17:05:16.090  INFO 74305 --- [SpringApplicationShutdownHook] com.zaxxer.hikari.HikariDataSource       : HikariPool-1 - Shutdown initiated...
2021-08-14 17:05:16.139  INFO 74305 --- [SpringApplicationShutdownHook] com.zaxxer.hikari.HikariDataSource       : HikariPool-1 - Shutdown completed.
2021-08-14 17:06:20.388  INFO 74508 --- [main] c.f.w.R.AssociationRepositoryTests       : Starting AssociationRepositoryTests using Java 11.0.11 on MBP-di-Paolo.homenet.telecomitalia.it with PID 74508 (started by paoloacqua in /Users/paoloacqua/Documents/workspace/tarahumara/associations-web-service)
2021-08-14 17:06:20.395  INFO 74508 --- [main] c.f.w.R.AssociationRepositoryTests       : No active profile set, falling back to default profiles: default
2021-08-14 17:06:23.474  INFO 74508 --- [main] .s.d.r.c.RepositoryConfigurationDelegate : Bootstrapping Spring Data JPA repositories in DEFAULT mode.
2021-08-14 17:06:23.570  INFO 74508 --- [main] .s.d.r.c.RepositoryConfigurationDelegate : Finished Spring Data repository scanning in 81 ms. Found 1 JPA repository interfaces.
2021-08-14 17:06:25.499  INFO 74508 --- [main] com.zaxxer.hikari.HikariDataSource       : HikariPool-1 - Starting...
2021-08-14 17:06:25.977  INFO 74508 --- [main] com.zaxxer.hikari.HikariDataSource       : HikariPool-1 - Start completed.
2021-08-14 17:06:26.218  INFO 74508 --- [main] o.hibernate.jpa.internal.util.LogHelper  : HHH000204: Processing PersistenceUnitInfo [name: default]
2021-08-14 17:06:26.392  INFO 74508 --- [main] org.hibernate.Version                    : HHH000412: Hibernate ORM core version 5.4.32.Final
2021-08-14 17:06:26.692  INFO 74508 --- [main] o.hibernate.annotations.common.Version   : HCANN000001: Hibernate Commons Annotations {5.1.2.Final}
2021-08-14 17:06:27.058  INFO 74508 --- [main] org.hibernate.dialect.Dialect            : HHH000400: Using dialect: org.hibernate.dialect.MySQL8Dialect
2021-08-14 17:06:27.309  INFO 74529 --- [main] c.f.w.R.AssociationRepositoryTests       : Starting AssociationRepositoryTests using Java 11.0.11 on MBP-di-Paolo.homenet.telecomitalia.it with PID 74529 (started by paoloacqua in /Users/paoloacqua/Documents/workspace/tarahumara/associations-web-service)
2021-08-14 17:06:27.320  INFO 74529 --- [main] c.f.w.R.AssociationRepositoryTests       : No active profile set, falling back to default profiles: default
2021-08-14 17:06:29.447  INFO 74508 --- [main] o.h.e.t.j.p.i.JtaPlatformInitiator       : HHH000490: Using JtaPlatform implementation: [org.hibernate.engine.transaction.jta.platform.internal.NoJtaPlatform]
2021-08-14 17:06:29.471  INFO 74508 --- [main] j.LocalContainerEntityManagerFactoryBean : Initialized JPA EntityManagerFactory for persistence unit 'default'
2021-08-14 17:06:31.861  INFO 74529 --- [main] .s.d.r.c.RepositoryConfigurationDelegate : Bootstrapping Spring Data JPA repositories in DEFAULT mode.
2021-08-14 17:06:32.039  INFO 74529 --- [main] .s.d.r.c.RepositoryConfigurationDelegate : Finished Spring Data repository scanning in 157 ms. Found 1 JPA repository interfaces.
2021-08-14 17:06:32.618  WARN 74508 --- [main] JpaBaseConfiguration$JpaWebConfiguration : spring.jpa.open-in-view is enabled by default. Therefore, database queries may be performed during view rendering. Explicitly configure spring.jpa.open-in-view to disable this warning
2021-08-14 17:06:33.636  INFO 74508 --- [main] o.s.b.a.e.web.EndpointLinksResolver      : Exposing 3 endpoint(s) beneath base path '/actuator'
2021-08-14 17:06:34.068  INFO 74529 --- [main] com.zaxxer.hikari.HikariDataSource       : HikariPool-1 - Starting...
2021-08-14 17:06:34.251  INFO 74508 --- [main] pertySourcedRequestMappingHandlerMapping : Mapped URL path [/v2/api-docs] onto method [springfox.documentation.swagger2.web.Swagger2Controller#getDocumentation(String, HttpServletRequest)]
2021-08-14 17:06:34.662  INFO 74529 --- [main] com.zaxxer.hikari.HikariDataSource       : HikariPool-1 - Start completed.
2021-08-14 17:06:34.925  INFO 74529 --- [main] o.hibernate.jpa.internal.util.LogHelper  : HHH000204: Processing PersistenceUnitInfo [name: default]
2021-08-14 17:06:35.087  INFO 74529 --- [main] org.hibernate.Version                    : HHH000412: Hibernate ORM core version 5.4.32.Final
2021-08-14 17:06:35.483  INFO 74529 --- [main] o.hibernate.annotations.common.Version   : HCANN000001: Hibernate Commons Annotations {5.1.2.Final}
2021-08-14 17:06:35.810  INFO 74529 --- [main] org.hibernate.dialect.Dialect            : HHH000400: Using dialect: org.hibernate.dialect.MySQL8Dialect
2021-08-14 17:06:36.228  INFO 74508 --- [main] d.s.w.p.DocumentationPluginsBootstrapper : Context refreshed
2021-08-14 17:06:36.265  INFO 74508 --- [main] d.s.w.p.DocumentationPluginsBootstrapper : Found 1 custom documentation plugin(s)
2021-08-14 17:06:36.364  INFO 74508 --- [main] s.d.s.w.s.ApiListingReferenceScanner     : Scanning for api listing references
2021-08-14 17:06:36.832  INFO 74508 --- [main] .d.s.w.r.o.CachingOperationNameGenerator : Generating unique operation named: handleUsingGET_1
2021-08-14 17:06:36.848  INFO 74508 --- [main] .d.s.w.r.o.CachingOperationNameGenerator : Generating unique operation named: handleUsingGET_2
2021-08-14 17:06:37.106  INFO 74508 --- [main] c.f.w.R.AssociationRepositoryTests       : Started AssociationRepositoryTests in 17.317 seconds (JVM running for 20.058)
2021-08-14 17:06:38.115  INFO 74529 --- [main] o.h.e.t.j.p.i.JtaPlatformInitiator       : HHH000490: Using JtaPlatform implementation: [org.hibernate.engine.transaction.jta.platform.internal.NoJtaPlatform]
2021-08-14 17:06:38.166  INFO 74529 --- [main] j.LocalContainerEntityManagerFactoryBean : Initialized JPA EntityManagerFactory for persistence unit 'default'
2021-08-14 17:06:38.639  INFO 74508 --- [SpringApplicationShutdownHook] j.LocalContainerEntityManagerFactoryBean : Closing JPA EntityManagerFactory for persistence unit 'default'
2021-08-14 17:06:38.644  INFO 74508 --- [SpringApplicationShutdownHook] com.zaxxer.hikari.HikariDataSource       : HikariPool-1 - Shutdown initiated...
2021-08-14 17:06:38.659  INFO 74508 --- [SpringApplicationShutdownHook] com.zaxxer.hikari.HikariDataSource       : HikariPool-1 - Shutdown completed.
2021-08-14 17:06:41.880  WARN 74529 --- [main] JpaBaseConfiguration$JpaWebConfiguration : spring.jpa.open-in-view is enabled by default. Therefore, database queries may be performed during view rendering. Explicitly configure spring.jpa.open-in-view to disable this warning
2021-08-14 17:06:42.749  INFO 74529 --- [main] o.s.b.a.e.web.EndpointLinksResolver      : Exposing 3 endpoint(s) beneath base path '/actuator'
2021-08-14 17:06:43.178  INFO 74529 --- [main] pertySourcedRequestMappingHandlerMapping : Mapped URL path [/v2/api-docs] onto method [springfox.documentation.swagger2.web.Swagger2Controller#getDocumentation(String, HttpServletRequest)]
2021-08-14 17:06:44.562  INFO 74529 --- [main] d.s.w.p.DocumentationPluginsBootstrapper : Context refreshed
2021-08-14 17:06:44.606  INFO 74529 --- [main] d.s.w.p.DocumentationPluginsBootstrapper : Found 1 custom documentation plugin(s)
2021-08-14 17:06:44.672  INFO 74529 --- [main] s.d.s.w.s.ApiListingReferenceScanner     : Scanning for api listing references
2021-08-14 17:06:45.065  INFO 74529 --- [main] .d.s.w.r.o.CachingOperationNameGenerator : Generating unique operation named: handleUsingGET_1
2021-08-14 17:06:45.075  INFO 74529 --- [main] .d.s.w.r.o.CachingOperationNameGenerator : Generating unique operation named: handleUsingGET_2
2021-08-14 17:06:45.148  INFO 74529 --- [main] c.f.w.R.AssociationRepositoryTests       : Started AssociationRepositoryTests in 18.768 seconds (JVM running for 21.444)
2021-08-14 17:06:46.866  INFO 74529 --- [SpringApplicationShutdownHook] j.LocalContainerEntityManagerFactoryBean : Closing JPA EntityManagerFactory for persistence unit 'default'
2021-08-14 17:06:46.873  INFO 74529 --- [SpringApplicationShutdownHook] com.zaxxer.hikari.HikariDataSource       : HikariPool-1 - Shutdown initiated...
2021-08-14 17:06:46.889  INFO 74529 --- [SpringApplicationShutdownHook] com.zaxxer.hikari.HikariDataSource       : HikariPool-1 - Shutdown completed.
2021-08-14 17:07:38.846  INFO 74670 --- [main] c.f.w.R.AssociationRepositoryTests       : Starting AssociationRepositoryTests using Java 11.0.11 on MBP-di-Paolo.homenet.telecomitalia.it with PID 74670 (started by paoloacqua in /Users/paoloacqua/Documents/workspace/tarahumara/associations-web-service)
2021-08-14 17:07:38.850  INFO 74670 --- [main] c.f.w.R.AssociationRepositoryTests       : No active profile set, falling back to default profiles: default
2021-08-14 17:07:40.918  INFO 74670 --- [main] .s.d.r.c.RepositoryConfigurationDelegate : Bootstrapping Spring Data JPA repositories in DEFAULT mode.
2021-08-14 17:07:41.005  INFO 74670 --- [main] .s.d.r.c.RepositoryConfigurationDelegate : Finished Spring Data repository scanning in 78 ms. Found 1 JPA repository interfaces.
2021-08-14 17:07:42.073  INFO 74670 --- [main] com.zaxxer.hikari.HikariDataSource       : HikariPool-1 - Starting...
2021-08-14 17:07:42.394  INFO 74670 --- [main] com.zaxxer.hikari.HikariDataSource       : HikariPool-1 - Start completed.
2021-08-14 17:07:42.512  INFO 74670 --- [main] o.hibernate.jpa.internal.util.LogHelper  : HHH000204: Processing PersistenceUnitInfo [name: default]
2021-08-14 17:07:42.699  INFO 74670 --- [main] org.hibernate.Version                    : HHH000412: Hibernate ORM core version 5.4.32.Final
2021-08-14 17:07:42.968  INFO 74670 --- [main] o.hibernate.annotations.common.Version   : HCANN000001: Hibernate Commons Annotations {5.1.2.Final}
2021-08-14 17:07:43.372  INFO 74670 --- [main] org.hibernate.dialect.Dialect            : HHH000400: Using dialect: org.hibernate.dialect.MySQL8Dialect
2021-08-14 17:07:44.450  INFO 74670 --- [main] o.h.e.t.j.p.i.JtaPlatformInitiator       : HHH000490: Using JtaPlatform implementation: [org.hibernate.engine.transaction.jta.platform.internal.NoJtaPlatform]
2021-08-14 17:07:44.464  INFO 74670 --- [main] j.LocalContainerEntityManagerFactoryBean : Initialized JPA EntityManagerFactory for persistence unit 'default'
2021-08-14 17:07:45.926  WARN 74670 --- [main] JpaBaseConfiguration$JpaWebConfiguration : spring.jpa.open-in-view is enabled by default. Therefore, database queries may be performed during view rendering. Explicitly configure spring.jpa.open-in-view to disable this warning
2021-08-14 17:07:46.466  INFO 74670 --- [main] o.s.b.a.e.web.EndpointLinksResolver      : Exposing 3 endpoint(s) beneath base path '/actuator'
2021-08-14 17:07:46.803  INFO 74670 --- [main] pertySourcedRequestMappingHandlerMapping : Mapped URL path [/v2/api-docs] onto method [springfox.documentation.swagger2.web.Swagger2Controller#getDocumentation(String, HttpServletRequest)]
2021-08-14 17:07:47.843  INFO 74670 --- [main] d.s.w.p.DocumentationPluginsBootstrapper : Context refreshed
2021-08-14 17:07:47.874  INFO 74670 --- [main] d.s.w.p.DocumentationPluginsBootstrapper : Found 1 custom documentation plugin(s)
2021-08-14 17:07:47.907  INFO 74670 --- [main] s.d.s.w.s.ApiListingReferenceScanner     : Scanning for api listing references
2021-08-14 17:07:48.253  INFO 74670 --- [main] .d.s.w.r.o.CachingOperationNameGenerator : Generating unique operation named: handleUsingGET_1
2021-08-14 17:07:48.257  INFO 74670 --- [main] .d.s.w.r.o.CachingOperationNameGenerator : Generating unique operation named: handleUsingGET_2
2021-08-14 17:07:48.306  INFO 74670 --- [main] c.f.w.R.AssociationRepositoryTests       : Started AssociationRepositoryTests in 9.971 seconds (JVM running for 11.932)
2021-08-14 17:07:49.880  INFO 74670 --- [SpringApplicationShutdownHook] j.LocalContainerEntityManagerFactoryBean : Closing JPA EntityManagerFactory for persistence unit 'default'
2021-08-14 17:07:49.890  INFO 74670 --- [SpringApplicationShutdownHook] com.zaxxer.hikari.HikariDataSource       : HikariPool-1 - Shutdown initiated...
2021-08-14 17:07:49.917  INFO 74670 --- [SpringApplicationShutdownHook] com.zaxxer.hikari.HikariDataSource       : HikariPool-1 - Shutdown completed.
